<?xml version="1.0" encoding="UTF-8"?>
<!-- Generated by org.testng.reporters.JUnitXMLReporter -->
<testsuite ignored="0" hostname="LAPTOP-9IT6QDHO" failures="0" tests="5" name="Free CRM TestCases" time="103.684" errors="0" timestamp="2022-09-06T16:14:02 IST">
  <testcase classname="com.crm.qa.TestCases.LoginPageTest" name="loginPageTitleTest" time="0.029"/>
  <testcase classname="com.crm.qa.TestCases.LoginPageTest" name="crmLogoTest" time="0.231"/>
  <testcase classname="com.crm.qa.TestCases.LoginPageTest" name="loginTest" time="9.964"/>
  <testcase classname="com.crm.qa.TestCases.HomePageTest" name="validateHomePageTitleTest" time="0.023"/>
  <testcase classname="com.crm.qa.TestCases.HomePageTest" name="validateUserNameLabel" time="0.128"/>
</testsuite> <!-- Free CRM TestCases -->
