<?xml version="1.0" encoding="UTF-8"?>
<!-- Generated by org.testng.reporters.JUnitXMLReporter -->
<testsuite ignored="0" hostname="LAPTOP-9IT6QDHO" failures="0" tests="3" name="Default test" time="78.099" errors="0" timestamp="2022-09-06T16:12:02 IST">
  <testcase classname="com.crm.qa.TestCases.LoginPageTest" name="loginPageTitleTest" time="0.03"/>
  <testcase classname="com.crm.qa.TestCases.LoginPageTest" name="crmLogoTest" time="0.117"/>
  <testcase classname="com.crm.qa.TestCases.LoginPageTest" name="loginTest" time="15.91"/>
</testsuite> <!-- Default test -->
